INFO:     Started server process [19678]
INFO:     Waiting for application startup.
INFO:     Application startup complete.
INFO:     Uvicorn running on unix socket /data01/virt146264/tmp/portfolio_backend.sock (Press CTRL+C to quit)
INFO:      - "GET /auth/verify HTTP/1.1" 200 OK
INFO:      - "GET /translations HTTP/1.1" 200 OK
INFO:      - "GET /cv HTTP/1.1" 200 OK
INFO:      - "GET /projects/ HTTP/1.1" 200 OK
INFO:      - "GET /media/logo.png?v=2 HTTP/1.1" 200 OK
INFO:      - "GET /auth/verify HTTP/1.1" 200 OK
INFO:      - "GET /translations HTTP/1.1" 200 OK
INFO:      - "GET /cv HTTP/1.1" 200 OK
INFO:      - "GET /projects/ HTTP/1.1" 200 OK
INFO:      - "POST /upload HTTP/1.1" 200 OK
INFO:      - "POST /upload HTTP/1.1" 200 OK
INFO:      - "POST /upload HTTP/1.1" 200 OK
INFO:      - "POST /upload HTTP/1.1" 200 OK
INFO:      - "GET /media/2b50422f-b8f5-403a-84e8-decc246d1f8a.png HTTP/1.1" 200 OK
INFO:      - "GET /media/dfab49d5-ce01-465b-9e2e-54d377194e36.png HTTP/1.1" 200 OK
INFO:      - "GET /media/ee552c37-fb6f-47a5-9508-491e26e1e55d.png HTTP/1.1" 200 OK
INFO:      - "GET /media/44365ed6-a216-4855-ab61-f3b80014a92e.png HTTP/1.1" 200 OK
INFO:      - "POST /projects/ HTTP/1.1" 200 OK
INFO:      - "GET /projects/ HTTP/1.1" 200 OK
INFO:      - "GET /projects/ HTTP/1.1" 200 OK
INFO:      - "GET /projects/1 HTTP/1.1" 200 OK
